

*******************************************************************************
Wed Mar 11 00:15:34 2020


FIT:    data read from 'plot/plot2.dat' using 1:2:3 yerror
        format = x:z:s
        #datapoints = 5
function used for fitting: f(x)
	f(x) = A**x + B
fitted parameters initialized with current variable values

iter      chisq       delta/lim  lambda   A             B            
   0 6.5248310885e+03   0.00e+00  1.28e+01    1.000000e+00   1.000000e+00
   7 7.5039829139e+01  -1.10e-02  1.28e-05    1.130338e+00   2.608672e+01

After 7 iterations the fit converged.
final sum of squares of residuals : 75.0398
rel. change during last iteration : -1.10346e-07

degrees of freedom    (FIT_NDF)                        : 3
rms of residuals      (FIT_STDFIT) = sqrt(WSSR/ndf)    : 5.00133
variance of residuals (reduced chisquare) = WSSR/ndf   : 25.0133
p-value of the Chisq distribution (FIT_P)              : 3.33067e-16

Final set of parameters            Asymptotic Standard Error
=======================            ==========================
A               = 1.13034          +/- 0.006994     (0.6188%)
B               = 26.0867          +/- 3.742        (14.35%)

correlation matrix of the fit parameters:
                A      B      
A               1.000 
B              -0.702  1.000 


*******************************************************************************
Wed Mar 11 00:16:08 2020


FIT:    data read from 'plot/plot2.dat' using 1:2:3 yerror
        format = x:z:s
        #datapoints = 5
function used for fitting: f(x)
	f(x) = A**x + B
fitted parameters initialized with current variable values

iter      chisq       delta/lim  lambda   A             B            
   0 6.5248310885e+03   0.00e+00  1.28e+01    1.000000e+00   1.000000e+00
   7 7.5039829139e+01  -1.10e-02  1.28e-05    1.130338e+00   2.608672e+01

After 7 iterations the fit converged.
final sum of squares of residuals : 75.0398
rel. change during last iteration : -1.10346e-07

degrees of freedom    (FIT_NDF)                        : 3
rms of residuals      (FIT_STDFIT) = sqrt(WSSR/ndf)    : 5.00133
variance of residuals (reduced chisquare) = WSSR/ndf   : 25.0133
p-value of the Chisq distribution (FIT_P)              : 3.33067e-16

Final set of parameters            Asymptotic Standard Error
=======================            ==========================
A               = 1.13034          +/- 0.006994     (0.6188%)
B               = 26.0867          +/- 3.742        (14.35%)

correlation matrix of the fit parameters:
                A      B      
A               1.000 
B              -0.702  1.000 


*******************************************************************************
Wed Mar 11 00:17:10 2020


FIT:    data read from 'plot/plot2.dat' using 1:2:3 yerror
        format = x:z:s
        #datapoints = 5
function used for fitting: f(x)
	f(x) = A**x + B
fitted parameters initialized with current variable values

iter      chisq       delta/lim  lambda   A             B            
   0 6.5248310885e+03   0.00e+00  1.28e+01    1.000000e+00   1.000000e+00
   7 7.5039829139e+01  -1.10e-02  1.28e-05    1.130338e+00   2.608672e+01

After 7 iterations the fit converged.
final sum of squares of residuals : 75.0398
rel. change during last iteration : -1.10346e-07

degrees of freedom    (FIT_NDF)                        : 3
rms of residuals      (FIT_STDFIT) = sqrt(WSSR/ndf)    : 5.00133
variance of residuals (reduced chisquare) = WSSR/ndf   : 25.0133
p-value of the Chisq distribution (FIT_P)              : 3.33067e-16

Final set of parameters            Asymptotic Standard Error
=======================            ==========================
A               = 1.13034          +/- 0.006994     (0.6188%)
B               = 26.0867          +/- 3.742        (14.35%)

correlation matrix of the fit parameters:
                A      B      
A               1.000 
B              -0.702  1.000 


*******************************************************************************
Wed Mar 11 00:18:05 2020


FIT:    data read from 'plot/plot2.dat' using 1:2:3 yerror
        format = x:z:s
        #datapoints = 5
function used for fitting: f(x)
	f(x) = A**x + B
fitted parameters initialized with current variable values

iter      chisq       delta/lim  lambda   A             B            
   0 6.5248310885e+03   0.00e+00  1.28e+01    1.000000e+00   1.000000e+00
   7 7.5039829139e+01  -1.10e-02  1.28e-05    1.130338e+00   2.608672e+01

After 7 iterations the fit converged.
final sum of squares of residuals : 75.0398
rel. change during last iteration : -1.10346e-07

degrees of freedom    (FIT_NDF)                        : 3
rms of residuals      (FIT_STDFIT) = sqrt(WSSR/ndf)    : 5.00133
variance of residuals (reduced chisquare) = WSSR/ndf   : 25.0133
p-value of the Chisq distribution (FIT_P)              : 3.33067e-16

Final set of parameters            Asymptotic Standard Error
=======================            ==========================
A               = 1.13034          +/- 0.006994     (0.6188%)
B               = 26.0867          +/- 3.742        (14.35%)

correlation matrix of the fit parameters:
                A      B      
A               1.000 
B              -0.702  1.000 


*******************************************************************************
Wed Mar 11 00:18:26 2020


FIT:    data read from 'plot/plot2.dat' using 1:2:3 yerror
        format = x:z:s
        #datapoints = 5
function used for fitting: f(x)
	f(x) = A**(x+B) + C
fitted parameters initialized with current variable values

iter      chisq       delta/lim  lambda   A             B             C            
   0 6.5248310885e+03   0.00e+00  1.09e+01    1.000000e+00   1.000000e+00   1.000000e+00
2574 9.9807431955e-01  -1.00e+00  1.09e-01    1.013426e+00   3.552199e+02  -1.071241e+02

After 25746 iterations the fit converged.
final sum of squares of residuals : 0.998074
rel. change during last iteration : -9.99992e-06

degrees of freedom    (FIT_NDF)                        : 2
rms of residuals      (FIT_STDFIT) = sqrt(WSSR/ndf)    : 0.706426
variance of residuals (reduced chisquare) = WSSR/ndf   : 0.499037
p-value of the Chisq distribution (FIT_P)              : 0.607115

Final set of parameters            Asymptotic Standard Error
=======================            ==========================
A               = 1.01343          +/- 0.005831     (0.5754%)
B               = 355.22           +/- 243.1        (68.45%)
C               = -107.124         +/- 93.8         (87.56%)

correlation matrix of the fit parameters:
                A      B      C      
A               1.000 
B              -1.000  1.000 
C               0.999 -0.999  1.000 


*******************************************************************************
Wed Mar 11 00:20:51 2020


FIT:    data read from 'plot/plot2.dat' using 1:2:3 yerror
        format = x:z:s
        #datapoints = 5
function used for fitting: f(x)
	f(x) = A*x**2 + B*x + C
fitted parameters initialized with current variable values

iter      chisq       delta/lim  lambda   A             B             C            
   0 9.2887703446e+05   0.00e+00  2.60e+02    1.000000e+00   1.000000e+00   1.000000e+00
   7 6.1654473974e-03  -4.06e-06  2.60e-05    6.723622e-04   1.969005e+00   2.904438e+00

After 7 iterations the fit converged.
final sum of squares of residuals : 0.00616545
rel. change during last iteration : -4.06325e-11

degrees of freedom    (FIT_NDF)                        : 2
rms of residuals      (FIT_STDFIT) = sqrt(WSSR/ndf)    : 0.0555223
variance of residuals (reduced chisquare) = WSSR/ndf   : 0.00308272
p-value of the Chisq distribution (FIT_P)              : 0.996922

Final set of parameters            Asymptotic Standard Error
=======================            ==========================
A               = 0.000672362      +/- 0.0007033    (104.6%)
B               = 1.969            +/- 0.0284       (1.442%)
C               = 2.90444          +/- 0.2602       (8.959%)

correlation matrix of the fit parameters:
                A      B      C      
A               1.000 
B              -0.989  1.000 
C               0.941 -0.977  1.000 


*******************************************************************************
Wed Mar 11 00:21:27 2020


FIT:    data read from 'plot/plot2.dat' using 1:2:3 yerror
        format = x:z:s
        #datapoints = 5
function used for fitting: f(x)
	f(x) = A*x**2 + B*x + C
fitted parameters initialized with current variable values

iter      chisq       delta/lim  lambda   A             B             C            
   0 9.2887703446e+05   0.00e+00  2.60e+02    1.000000e+00   1.000000e+00   1.000000e+00
   7 6.1654473974e-03  -4.06e-06  2.60e-05    6.723622e-04   1.969005e+00   2.904438e+00

After 7 iterations the fit converged.
final sum of squares of residuals : 0.00616545
rel. change during last iteration : -4.06325e-11

degrees of freedom    (FIT_NDF)                        : 2
rms of residuals      (FIT_STDFIT) = sqrt(WSSR/ndf)    : 0.0555223
variance of residuals (reduced chisquare) = WSSR/ndf   : 0.00308272
p-value of the Chisq distribution (FIT_P)              : 0.996922

Final set of parameters            Asymptotic Standard Error
=======================            ==========================
A               = 0.000672362      +/- 0.0007033    (104.6%)
B               = 1.969            +/- 0.0284       (1.442%)
C               = 2.90444          +/- 0.2602       (8.959%)

correlation matrix of the fit parameters:
                A      B      C      
A               1.000 
B              -0.989  1.000 
C               0.941 -0.977  1.000 


*******************************************************************************
Wed Mar 11 00:22:41 2020


FIT:    data read from 'plot/plot2.dat' using 1:2:3 yerror
        format = x:z:s
        #datapoints = 5
function used for fitting: f(x)
	f(x) = A*x**2 + B*x + C
fitted parameters initialized with current variable values

iter      chisq       delta/lim  lambda   A             B             C            
   0 9.7859803670e+05   0.00e+00  2.56e+02    1.000000e+00   1.000000e+00   1.000000e+00
   7 2.1568017672e-02  -5.26e-07  2.56e-05   -4.312848e-04   1.022317e+00   2.246043e+00

After 7 iterations the fit converged.
final sum of squares of residuals : 0.021568
rel. change during last iteration : -5.26336e-12

degrees of freedom    (FIT_NDF)                        : 2
rms of residuals      (FIT_STDFIT) = sqrt(WSSR/ndf)    : 0.103846
variance of residuals (reduced chisquare) = WSSR/ndf   : 0.010784
p-value of the Chisq distribution (FIT_P)              : 0.989274

Final set of parameters            Asymptotic Standard Error
=======================            ==========================
A               = -0.000431285     +/- 0.001327     (307.7%)
B               = 1.02232          +/- 0.05359      (5.242%)
C               = 2.24604          +/- 0.4916       (21.89%)

correlation matrix of the fit parameters:
                A      B      C      
A               1.000 
B              -0.989  1.000 
C               0.941 -0.978  1.000 


*******************************************************************************
Wed Mar 11 00:24:40 2020


FIT:    data read from 'plot/plot2.dat' using 1:2:3 yerror
        format = x:z:s
        #datapoints = 5
function used for fitting: f(x)
	f(x) = A*x**2 + B*x + C
fitted parameters initialized with current variable values

iter      chisq       delta/lim  lambda   A             B             C            
   0 1.4158458389e+03   0.00e+00  2.62e+02    1.000000e+00   1.000000e+00   1.000000e+00
   7 6.6273628456e-02  -7.73e-07  2.62e-05    1.001799e+00  -7.671500e-02   3.216659e+00

After 7 iterations the fit converged.
final sum of squares of residuals : 0.0662736
rel. change during last iteration : -7.72586e-12

degrees of freedom    (FIT_NDF)                        : 2
rms of residuals      (FIT_STDFIT) = sqrt(WSSR/ndf)    : 0.182035
variance of residuals (reduced chisquare) = WSSR/ndf   : 0.0331368
p-value of the Chisq distribution (FIT_P)              : 0.967406

Final set of parameters            Asymptotic Standard Error
=======================            ==========================
A               = 1.0018           +/- 0.002307     (0.2303%)
B               = -0.076715        +/- 0.09353      (121.9%)
C               = 3.21666          +/- 0.8636       (26.85%)

correlation matrix of the fit parameters:
                A      B      C      
A               1.000 
B              -0.989  1.000 
C               0.941 -0.978  1.000 


*******************************************************************************
Wed Mar 11 00:25:17 2020


FIT:    data read from 'plot/plot2.dat' using 1:2:3 yerror
        format = x:z:s
        #datapoints = 5
function used for fitting: f(x)
	f(x) = A*x**2 + B*x + C
fitted parameters initialized with current variable values

iter      chisq       delta/lim  lambda   A             B             C            
   0 7.6456925462e+01   0.00e+00  8.76e+01    1.000000e+00   1.000000e+00   1.000000e+00
   7 1.9931774907e-02  -1.47e-08  8.76e-05    9.916444e-01   7.851628e-01  -2.120856e+00

After 7 iterations the fit converged.
final sum of squares of residuals : 0.0199318
rel. change during last iteration : -1.4726e-13

degrees of freedom    (FIT_NDF)                        : 2
rms of residuals      (FIT_STDFIT) = sqrt(WSSR/ndf)    : 0.0998293
variance of residuals (reduced chisquare) = WSSR/ndf   : 0.00996589
p-value of the Chisq distribution (FIT_P)              : 0.990084

Final set of parameters            Asymptotic Standard Error
=======================            ==========================
A               = 0.991644         +/- 0.002946     (0.2971%)
B               = 0.785163         +/- 0.1095       (13.94%)
C               = -2.12086         +/- 0.8984       (42.36%)

correlation matrix of the fit parameters:
                A      B      C      
A               1.000 
B              -0.988  1.000 
C               0.949 -0.983  1.000 


*******************************************************************************
Wed Mar 11 00:25:38 2020


FIT:    data read from 'plot/plot2.dat' using 1:2:3 yerror
        format = x:z:s
        #datapoints = 5
function used for fitting: f(x)
	f(x) = A*x**2 + B*x + C
fitted parameters initialized with current variable values

iter      chisq       delta/lim  lambda   A             B             C            
   0 5.1001933443e+01   0.00e+00  9.28e+00    1.000000e+00   1.000000e+00   1.000000e+00
   6 5.6239734932e-02  -1.45e-01  9.28e-06    9.791904e-01   6.267202e+00  -1.081653e+01

After 6 iterations the fit converged.
final sum of squares of residuals : 0.0562397
rel. change during last iteration : -1.45319e-06

degrees of freedom    (FIT_NDF)                        : 2
rms of residuals      (FIT_STDFIT) = sqrt(WSSR/ndf)    : 0.16769
variance of residuals (reduced chisquare) = WSSR/ndf   : 0.0281199
p-value of the Chisq distribution (FIT_P)              : 0.972272

Final set of parameters            Asymptotic Standard Error
=======================            ==========================
A               = 0.97919          +/- 0.04389      (4.482%)
B               = 6.2672           +/- 1.615        (25.77%)
C               = -10.8165         +/- 13.12        (121.3%)

correlation matrix of the fit parameters:
                A      B      C      
A               1.000 
B              -0.987  1.000 
C               0.947 -0.983  1.000 
